<?xml version="1.0" encoding="UTF-8"?>
<beans xmlns="http://www.springframework.org/schema/beans"
	xmlns:xsi="http://www.w3.org/2001/XMLSchema-instance"
	xsi:schemaLocation="http://www.springframework.org/schema/beans http://www.springframework.org/schema/beans/spring-beans-3.0.xsd">


   <bean name="mocked" id="jugDAO-mock" class="org.easymock.EasyMock" factory-method="createMock">
    <constructor-arg value="org.jugmontpellier.franceinterjug.store.dao.JugDAO"></constructor-arg>
   </bean>



   <bean class="org.jugmontpellier.franceinterjug.business.component.JugRegistrationManagerImpl" />
</beans>
